This is pdfTeXk, Version 3.1415926-1.40.9 (Web2C 7.5.7) (format=pdflatex 2008.12.28)  4 MAY 2009 19:10
entering extended mode
 %&-line parsing enabled.
**article.tex
(./article.tex
LaTeX2e <2005/12/01>
Babel <v3.8l> and hyphenation patterns for english, usenglishmax, dumylang, noh
yphenation, german-x-2008-06-18, ngerman-x-2008-06-18, ancientgreek, ibycus, ar
abic, basque, bulgarian, catalan, pinyin, coptic, croatian, czech, danish, dutc
h, esperanto, estonian, farsi, finnish, french, galician, german, ngerman, mono
greek, greek, hungarian, icelandic, indonesian, interlingua, irish, italian, la
tin, lithuanian, mongolian, mongolian2a, bokmal, nynorsk, polish, portuguese, r
omanian, russian, sanskrit, serbian, slovak, slovenian, spanish, swedish, turki
sh, ukenglish, ukrainian, uppersorbian, welsh, loaded.
(/usr/local/texlive/2008/texmf-dist/tex/latex/base/article.cls
Document Class: article 2005/09/16 v1.4f Standard LaTeX document class
(/usr/local/texlive/2008/texmf-dist/tex/latex/base/size10.clo
File: size10.clo 2005/09/16 v1.4f Standard LaTeX file (size option)
)
\c@part=\count79
\c@section=\count80
\c@subsection=\count81
\c@subsubsection=\count82
\c@paragraph=\count83
\c@subparagraph=\count84
\c@figure=\count85
\c@table=\count86
\abovecaptionskip=\skip41
\belowcaptionskip=\skip42
\bibindent=\dimen102
)
(/usr/local/texlive/2008/texmf-dist/tex/latex/base/latexsym.sty
Package: latexsym 1998/08/17 v2.2e Standard LaTeX package (lasy symbols)
\symlasy=\mathgroup4
LaTeX Font Info:    Overwriting symbol font `lasy' in version `bold'
(Font)                  U/lasy/m/n --> U/lasy/b/n on input line 47.
)
(/usr/local/texlive/2008/texmf-dist/tex/latex/amsmath/amsmath.sty
Package: amsmath 2000/07/18 v2.13 AMS math features
\@mathmargin=\skip43

For additional information on amsmath, use the `?' option.
(/usr/local/texlive/2008/texmf-dist/tex/latex/amsmath/amstext.sty
Package: amstext 2000/06/29 v2.01

(/usr/local/texlive/2008/texmf-dist/tex/latex/amsmath/amsgen.sty
File: amsgen.sty 1999/11/30 v2.0
\@emptytoks=\toks14
\ex@=\dimen103
))
(/usr/local/texlive/2008/texmf-dist/tex/latex/amsmath/amsbsy.sty
Package: amsbsy 1999/11/29 v1.2d
\pmbraise@=\dimen104
)
(/usr/local/texlive/2008/texmf-dist/tex/latex/amsmath/amsopn.sty
Package: amsopn 1999/12/14 v2.01 operator names
)
\inf@bad=\count87
LaTeX Info: Redefining \frac on input line 211.
\uproot@=\count88
\leftroot@=\count89
LaTeX Info: Redefining \overline on input line 307.
\classnum@=\count90
\DOTSCASE@=\count91
LaTeX Info: Redefining \ldots on input line 379.
LaTeX Info: Redefining \dots on input line 382.
LaTeX Info: Redefining \cdots on input line 467.
\Mathstrutbox@=\box26
\strutbox@=\box27
\big@size=\dimen105
LaTeX Font Info:    Redeclaring font encoding OML on input line 567.
LaTeX Font Info:    Redeclaring font encoding OMS on input line 568.
\macc@depth=\count92
\c@MaxMatrixCols=\count93
\dotsspace@=\muskip10
\c@parentequation=\count94
\dspbrk@lvl=\count95
\tag@help=\toks15
\row@=\count96
\column@=\count97
\maxfields@=\count98
\andhelp@=\toks16
\eqnshift@=\dimen106
\alignsep@=\dimen107
\tagshift@=\dimen108
\tagwidth@=\dimen109
\totwidth@=\dimen110
\lineht@=\dimen111
\@envbody=\toks17
\multlinegap=\skip44
\multlinetaggap=\skip45
\mathdisplay@stack=\toks18
LaTeX Info: Redefining \[ on input line 2666.
LaTeX Info: Redefining \] on input line 2667.
)
(/usr/local/texlive/2008/texmf-dist/tex/latex/amscls/amsthm.sty
Package: amsthm 2004/08/06 v2.20
\thm@style=\toks19
\thm@bodyfont=\toks20
\thm@headfont=\toks21
\thm@notefont=\toks22
\thm@headpunct=\toks23
\thm@preskip=\skip46
\thm@postskip=\skip47
\thm@headsep=\skip48
\dth@everypar=\toks24
)
(/usr/local/texlive/2008/texmf-dist/tex/latex/amsfonts/amssymb.sty
Package: amssymb 2002/01/22 v2.2d

(/usr/local/texlive/2008/texmf-dist/tex/latex/amsfonts/amsfonts.sty
Package: amsfonts 2001/10/25 v2.2f
\symAMSa=\mathgroup5
\symAMSb=\mathgroup6
LaTeX Font Info:    Overwriting math alphabet `\mathfrak' in version `bold'
(Font)                  U/euf/m/n --> U/euf/b/n on input line 132.
))
(/usr/local/texlive/2008/texmf-dist/tex/latex/ltxmisc/url.sty
\Urlmuskip=\muskip11
Package: url 2006/04/12  ver 3.3  Verb mode for urls, etc.
)
(/usr/local/texlive/2008/texmf-dist/tex/latex/graphics/graphicx.sty
Package: graphicx 1999/02/16 v1.0f Enhanced LaTeX Graphics (DPC,SPQR)

(/usr/local/texlive/2008/texmf-dist/tex/latex/graphics/keyval.sty
Package: keyval 1999/03/16 v1.13 key=value parser (DPC)
\KV@toks@=\toks25
)
(/usr/local/texlive/2008/texmf-dist/tex/latex/graphics/graphics.sty
Package: graphics 2006/02/20 v1.0o Standard LaTeX Graphics (DPC,SPQR)

(/usr/local/texlive/2008/texmf-dist/tex/latex/graphics/trig.sty
Package: trig 1999/03/16 v1.09 sin cos tan (DPC)
)
(/usr/local/texlive/2008/texmf/tex/latex/config/graphics.cfg
File: graphics.cfg 2007/01/18 v1.5 graphics configuration of teTeX/TeXLive
)
Package graphics Info: Driver file: pdftex.def on input line 90.

(/usr/local/texlive/2008/texmf-dist/tex/latex/pdftex-def/pdftex.def
File: pdftex.def 2008/09/08 v0.04l Graphics/color for pdfTeX
\Gread@gobject=\count99
))
\Gin@req@height=\dimen112
\Gin@req@width=\dimen113
)
(/usr/local/texlive/2008/texmf-dist/tex/generic/babel/babel.sty
Package: babel 2008/07/06 v3.8l The Babel package

(/usr/local/texlive/2008/texmf-dist/tex/generic/babel/spanish.ldf
Language: spanish.ldf 2008/07/06 v5.0e Spanish support from the babel system

(/usr/local/texlive/2008/texmf-dist/tex/generic/babel/babel.def
File: babel.def 2008/07/06 v3.8l Babel common definitions
\babel@savecnt=\count100
\U@D=\dimen114
)
\es@datefmt=\count101
\es@quottoks=\toks26
\es@quotdepth=\count102
Package babel Info: Making " an active character on input line 490.
Package babel Info: Making . an active character on input line 583.
Package babel Info: Making < an active character on input line 628.
Package babel Info: Making > an active character on input line 628.
))
(/usr/local/texlive/2008/texmf-dist/tex/latex/base/inputenc.sty
Package: inputenc 2006/05/05 v1.1b Input encoding file
\inpenc@prehook=\toks27
\inpenc@posthook=\toks28

(/usr/local/texlive/2008/texmf-dist/tex/latex/base/utf8.def
File: utf8.def 2006/03/30 v1.1i UTF-8 support for inputenc
Now handling font encoding OML ...
... no UTF-8 mapping file for font encoding OML
Now handling font encoding T1 ...
... processing UTF-8 mapping file for font encodingT1

(/usr/local/texlive/2008/texmf-dist/tex/latex/base/t1enc.dfu
File: t1enc.dfu 2006/03/30 v1.1i UTF-8 support for inputenc
   defining Unicode char U+00A1 (decimal 161)
   defining Unicode char U+00A3 (decimal 163)
   defining Unicode char U+00AB (decimal 171)
   defining Unicode char U+00BB (decimal 187)
   defining Unicode char U+00BF (decimal 191)
   defining Unicode char U+00C0 (decimal 192)
   defining Unicode char U+00C1 (decimal 193)
   defining Unicode char U+00C2 (decimal 194)
   defining Unicode char U+00C3 (decimal 195)
   defining Unicode char U+00C4 (decimal 196)
   defining Unicode char U+00C5 (decimal 197)
   defining Unicode char U+00C6 (decimal 198)
   defining Unicode char U+00C7 (decimal 199)
   defining Unicode char U+00C8 (decimal 200)
   defining Unicode char U+00C9 (decimal 201)
   defining Unicode char U+00CA (decimal 202)
   defining Unicode char U+00CB (decimal 203)
   defining Unicode char U+00CC (decimal 204)
   defining Unicode char U+00CD (decimal 205)
   defining Unicode char U+00CE (decimal 206)
   defining Unicode char U+00CF (decimal 207)
   defining Unicode char U+00D0 (decimal 208)
   defining Unicode char U+00D1 (decimal 209)
   defining Unicode char U+00D2 (decimal 210)
   defining Unicode char U+00D3 (decimal 211)
   defining Unicode char U+00D4 (decimal 212)
   defining Unicode char U+00D5 (decimal 213)
   defining Unicode char U+00D6 (decimal 214)
   defining Unicode char U+00D8 (decimal 216)
   defining Unicode char U+00D9 (decimal 217)
   defining Unicode char U+00DA (decimal 218)
   defining Unicode char U+00DB (decimal 219)
   defining Unicode char U+00DC (decimal 220)
   defining Unicode char U+00DD (decimal 221)
   defining Unicode char U+00DE (decimal 222)
   defining Unicode char U+00DF (decimal 223)
   defining Unicode char U+00E0 (decimal 224)
   defining Unicode char U+00E1 (decimal 225)
   defining Unicode char U+00E2 (decimal 226)
   defining Unicode char U+00E3 (decimal 227)
   defining Unicode char U+00E4 (decimal 228)
   defining Unicode char U+00E5 (decimal 229)
   defining Unicode char U+00E6 (decimal 230)
   defining Unicode char U+00E7 (decimal 231)
   defining Unicode char U+00E8 (decimal 232)
   defining Unicode char U+00E9 (decimal 233)
   defining Unicode char U+00EA (decimal 234)
   defining Unicode char U+00EB (decimal 235)
   defining Unicode char U+00EC (decimal 236)
   defining Unicode char U+00ED (decimal 237)
   defining Unicode char U+00EE (decimal 238)
   defining Unicode char U+00EF (decimal 239)
   defining Unicode char U+00F0 (decimal 240)
   defining Unicode char U+00F1 (decimal 241)
   defining Unicode char U+00F2 (decimal 242)
   defining Unicode char U+00F3 (decimal 243)
   defining Unicode char U+00F4 (decimal 244)
   defining Unicode char U+00F5 (decimal 245)
   defining Unicode char U+00F6 (decimal 246)
   defining Unicode char U+00F8 (decimal 248)
   defining Unicode char U+00F9 (decimal 249)
   defining Unicode char U+00FA (decimal 250)
   defining Unicode char U+00FB (decimal 251)
   defining Unicode char U+00FC (decimal 252)
   defining Unicode char U+00FD (decimal 253)
   defining Unicode char U+00FE (decimal 254)
   defining Unicode char U+00FF (decimal 255)
   defining Unicode char U+0102 (decimal 258)
   defining Unicode char U+0103 (decimal 259)
   defining Unicode char U+0104 (decimal 260)
   defining Unicode char U+0105 (decimal 261)
   defining Unicode char U+0106 (decimal 262)
   defining Unicode char U+0107 (decimal 263)
   defining Unicode char U+010C (decimal 268)
   defining Unicode char U+010D (decimal 269)
   defining Unicode char U+010E (decimal 270)
   defining Unicode char U+010F (decimal 271)
   defining Unicode char U+0110 (decimal 272)
   defining Unicode char U+0111 (decimal 273)
   defining Unicode char U+0118 (decimal 280)
   defining Unicode char U+0119 (decimal 281)
   defining Unicode char U+011A (decimal 282)
   defining Unicode char U+011B (decimal 283)
   defining Unicode char U+011E (decimal 286)
   defining Unicode char U+011F (decimal 287)
   defining Unicode char U+0130 (decimal 304)
   defining Unicode char U+0131 (decimal 305)
   defining Unicode char U+0132 (decimal 306)
   defining Unicode char U+0133 (decimal 307)
   defining Unicode char U+0139 (decimal 313)
   defining Unicode char U+013A (decimal 314)
   defining Unicode char U+013D (decimal 317)
   defining Unicode char U+013E (decimal 318)
   defining Unicode char U+0141 (decimal 321)
   defining Unicode char U+0142 (decimal 322)
   defining Unicode char U+0143 (decimal 323)
   defining Unicode char U+0144 (decimal 324)
   defining Unicode char U+0147 (decimal 327)
   defining Unicode char U+0148 (decimal 328)
   defining Unicode char U+014A (decimal 330)
   defining Unicode char U+014B (decimal 331)
   defining Unicode char U+0150 (decimal 336)
   defining Unicode char U+0151 (decimal 337)
   defining Unicode char U+0152 (decimal 338)
   defining Unicode char U+0153 (decimal 339)
   defining Unicode char U+0154 (decimal 340)
   defining Unicode char U+0155 (decimal 341)
   defining Unicode char U+0158 (decimal 344)
   defining Unicode char U+0159 (decimal 345)
   defining Unicode char U+015A (decimal 346)
   defining Unicode char U+015B (decimal 347)
   defining Unicode char U+015E (decimal 350)
   defining Unicode char U+015F (decimal 351)
   defining Unicode char U+0160 (decimal 352)
   defining Unicode char U+0161 (decimal 353)
   defining Unicode char U+0162 (decimal 354)
   defining Unicode char U+0163 (decimal 355)
   defining Unicode char U+0164 (decimal 356)
   defining Unicode char U+0165 (decimal 357)
   defining Unicode char U+016E (decimal 366)
   defining Unicode char U+016F (decimal 367)
   defining Unicode char U+0170 (decimal 368)
   defining Unicode char U+0171 (decimal 369)
   defining Unicode char U+0178 (decimal 376)
   defining Unicode char U+0179 (decimal 377)
   defining Unicode char U+017A (decimal 378)
   defining Unicode char U+017B (decimal 379)
   defining Unicode char U+017C (decimal 380)
   defining Unicode char U+017D (decimal 381)
   defining Unicode char U+017E (decimal 382)
   defining Unicode char U+200C (decimal 8204)
   defining Unicode char U+2013 (decimal 8211)
   defining Unicode char U+2014 (decimal 8212)
   defining Unicode char U+2018 (decimal 8216)
   defining Unicode char U+2019 (decimal 8217)
   defining Unicode char U+201A (decimal 8218)
   defining Unicode char U+201C (decimal 8220)
   defining Unicode char U+201D (decimal 8221)
   defining Unicode char U+201E (decimal 8222)
   defining Unicode char U+2030 (decimal 8240)
   defining Unicode char U+2031 (decimal 8241)
   defining Unicode char U+2039 (decimal 8249)
   defining Unicode char U+203A (decimal 8250)
   defining Unicode char U+2423 (decimal 9251)
)
Now handling font encoding OT1 ...
... processing UTF-8 mapping file for font encodingOT1

(/usr/local/texlive/2008/texmf-dist/tex/latex/base/ot1enc.dfu
File: ot1enc.dfu 2006/03/30 v1.1i UTF-8 support for inputenc
   defining Unicode char U+00A1 (decimal 161)
   defining Unicode char U+00A3 (decimal 163)
   defining Unicode char U+00B8 (decimal 184)
   defining Unicode char U+00BF (decimal 191)
   defining Unicode char U+00C5 (decimal 197)
   defining Unicode char U+00C6 (decimal 198)
   defining Unicode char U+00D8 (decimal 216)
   defining Unicode char U+00DF (decimal 223)
   defining Unicode char U+00E6 (decimal 230)
   defining Unicode char U+00EC (decimal 236)
   defining Unicode char U+00ED (decimal 237)
   defining Unicode char U+00EE (decimal 238)
   defining Unicode char U+00EF (decimal 239)
   defining Unicode char U+00F8 (decimal 248)
   defining Unicode char U+0131 (decimal 305)
   defining Unicode char U+0141 (decimal 321)
   defining Unicode char U+0142 (decimal 322)
   defining Unicode char U+0152 (decimal 338)
   defining Unicode char U+0153 (decimal 339)
   defining Unicode char U+2013 (decimal 8211)
   defining Unicode char U+2014 (decimal 8212)
   defining Unicode char U+2018 (decimal 8216)
   defining Unicode char U+2019 (decimal 8217)
   defining Unicode char U+201C (decimal 8220)
   defining Unicode char U+201D (decimal 8221)
)
Now handling font encoding OMS ...
... processing UTF-8 mapping file for font encodingOMS

(/usr/local/texlive/2008/texmf-dist/tex/latex/base/omsenc.dfu
File: omsenc.dfu 2006/03/30 v1.1i UTF-8 support for inputenc
   defining Unicode char U+00A7 (decimal 167)
   defining Unicode char U+00B6 (decimal 182)
   defining Unicode char U+00B7 (decimal 183)
   defining Unicode char U+2020 (decimal 8224)
   defining Unicode char U+2021 (decimal 8225)
   defining Unicode char U+2022 (decimal 8226)
)
Now handling font encoding OMX ...
... no UTF-8 mapping file for font encoding OMX
Now handling font encoding U ...
... no UTF-8 mapping file for font encoding U
   defining Unicode char U+00A9 (decimal 169)
   defining Unicode char U+00AA (decimal 170)
   defining Unicode char U+00AE (decimal 174)
   defining Unicode char U+00BA (decimal 186)
   defining Unicode char U+02C6 (decimal 710)
   defining Unicode char U+02DC (decimal 732)
   defining Unicode char U+200C (decimal 8204)
   defining Unicode char U+2026 (decimal 8230)
   defining Unicode char U+2122 (decimal 8482)
   defining Unicode char U+2423 (decimal 9251)
)) (./article.aux)
\openout1 = `article.aux'.

LaTeX Font Info:    Checking defaults for OML/cmm/m/it on input line 36.
LaTeX Font Info:    ... okay on input line 36.
LaTeX Font Info:    Checking defaults for T1/cmr/m/n on input line 36.
LaTeX Font Info:    ... okay on input line 36.
LaTeX Font Info:    Checking defaults for OT1/cmr/m/n on input line 36.
LaTeX Font Info:    ... okay on input line 36.
LaTeX Font Info:    Checking defaults for OMS/cmsy/m/n on input line 36.
LaTeX Font Info:    ... okay on input line 36.
LaTeX Font Info:    Checking defaults for OMX/cmex/m/n on input line 36.
LaTeX Font Info:    ... okay on input line 36.
LaTeX Font Info:    Checking defaults for U/cmr/m/n on input line 36.
LaTeX Font Info:    ... okay on input line 36.
 (/usr/local/texlive/2008/texmf-dist/tex/context/base/supp-pdf.tex
[Loading MPS to PDF converter (version 2006.09.02).]
\scratchcounter=\count103
\scratchdimen=\dimen115
\scratchbox=\box28
\nofMPsegments=\count104
\nofMParguments=\count105
\everyMPshowfont=\toks29
\MPscratchCnt=\count106
\MPscratchDim=\dimen116
\MPnumerator=\count107
\everyMPtoPDFconversion=\toks30
)
LaTeX Font Info:    Try loading font information for U+lasy on input line 46.
 (/usr/local/texlive/2008/texmf-dist/tex/latex/base/ulasy.fd
File: ulasy.fd 1998/08/17 v2.2e LaTeX symbol font definitions
)
LaTeX Font Info:    Try loading font information for U+msa on input line 46.

(/usr/local/texlive/2008/texmf-dist/tex/latex/amsfonts/umsa.fd
File: umsa.fd 2002/01/19 v2.2g AMS font definitions
)
LaTeX Font Info:    Try loading font information for U+msb on input line 46.

(/usr/local/texlive/2008/texmf-dist/tex/latex/amsfonts/umsb.fd
File: umsb.fd 2002/01/19 v2.2g AMS font definitions
)
LaTeX Font Info:    Try loading font information for OMS+cmr on input line 46.

(/usr/local/texlive/2008/texmf-dist/tex/latex/base/omscmr.fd
File: omscmr.fd 1999/05/25 v2.5h Standard LaTeX font definitions
)
LaTeX Font Info:    Font shape `OMS/cmr/m/it' in size <12> not available
(Font)              Font shape `OMS/cmsy/m/n' tried instead on input line 46.

Underfull \hbox (badness 10000) in paragraph at lines 52--53

 []


Underfull \hbox (badness 10000) in paragraph at lines 66--67

 []


Underfull \hbox (badness 2762) in paragraph at lines 68--69
\OT1/cmr/m/n/10 la ca-pa-ci-dad tec-nol^^Sogi-ca ac-tual pa-ra desa-rro-llar
 []


Underfull \hbox (badness 10000) in paragraph at lines 68--69

 []


Underfull \hbox (badness 10000) in paragraph at lines 70--71

 []


LaTeX Warning: Citation `RePEc:col:000159:003891' on page 1 undefined on input 
line 76.


Underfull \hbox (badness 1496) in paragraph at lines 76--77
\OT1/cmr/m/n/10 ins-ti-tu-ci^^Son que hoy re-pre-sen-ta la uni-fi-ca-ci^^Son de
l
 []


Underfull \hbox (badness 10000) in paragraph at lines 76--77

 []


Underfull \vbox (badness 10000) has occurred while \output is active []

 [1{/usr/local/texlive/2008/texmf-var/fonts/map/pdftex/updmap/pdftex.map}


]

LaTeX Warning: Citation `RepEEc:col:piedrahita' on page 2 undefined on input li
ne 78.


Underfull \hbox (badness 1286) in paragraph at lines 78--79
\OT1/cmr/m/n/10 del par-que Pe-dro Jus-to Berrio[[]], pos-te-rior-men-te
 []


Underfull \hbox (badness 2503) in paragraph at lines 78--79
\OT1/cmr/m/n/10 en di-ver-sos si-tios p^^Subli-cos (si-tios web, re-vis-tas,
 []


Underfull \hbox (badness 10000) in paragraph at lines 78--79

 []


Underfull \hbox (badness 1087) in paragraph at lines 93--94
[]\OT1/cmr/m/n/10 Teniendo cla-ra una ne-ce-si-dad y/o pro-ble-ma a
 []


Underfull \hbox (badness 1803) in paragraph at lines 93--94
\OT1/cmr/m/n/10 su-plir/solucionar, se ana-li-za-ron va-rias tec-no-log^^S^^Pas

 []


Underfull \hbox (badness 10000) in paragraph at lines 93--94

 []


Underfull \hbox (badness 10000) in paragraph at lines 95--96

 []


Underfull \hbox (badness 10000) in paragraph at lines 100--101

 []

[2]
Underfull \hbox (badness 10000) in paragraph at lines 114--115

 []


Underfull \hbox (badness 1910) in paragraph at lines 135--136
\OT1/cmr/m/n/10 la mis-ma tra-ba-jar^^S^^Pa, que ta-blas se ne-ce-si-tar^^S^^Pa
n,
 []


Underfull \hbox (badness 10000) in paragraph at lines 135--136

 []


Underfull \hbox (badness 10000) in paragraph at lines 137--138

 []

[3] <erb_mertd.jpg, id=21, 711.65875pt x 551.05875pt>
File: erb_mertd.jpg Graphic file (type jpg)
 <use erb_mertd.jpg>
Overfull \hbox (15.36618pt too wide) in paragraph at lines 143--144
 [][] 
 []


Underfull \hbox (badness 10000) in paragraph at lines 148--149

 []


Underfull \hbox (badness 10000) in paragraph at lines 152--153

 []


Underfull \hbox (badness 1173) in paragraph at lines 156--157
\OT1/cmr/m/n/10 te-men-te re-co-lec-tan-do da-tos des-de si-tios ex-ter-nos,
 []


Underfull \hbox (badness 1117) in paragraph at lines 156--157
\OT1/cmr/m/n/10 HTTP y con-se-cuen-te-men-te en la ex-pe-rien-cia del
 []


Underfull \hbox (badness 10000) in paragraph at lines 156--157

 []


Underfull \hbox (badness 2393) in paragraph at lines 158--159
[]\OT1/cmr/m/n/10 El \OT1/cmr/m/it/10 Dae-mon\OT1/cmr/m/n/10 , se en-car-ga en-
ton-ces, de re-co-lec-
 []


Underfull \hbox (badness 1281) in paragraph at lines 158--159
\OT1/cmr/m/n/10 tar da-tos nue-vos ca-da 20 mi-nu-tos mien-tras que
 []


Underfull \hbox (badness 10000) in paragraph at lines 158--159

 []


Overfull \hbox (19.16pt too wide) in paragraph at lines 203--203
[]\OT1/cmtt/m/n/7 require File.expand_path(File.dirname(__FILE__)) + '/../confi
g/boot'[] 
 []

[4 <./erb_mertd.jpg>]
Overfull \hbox (11.72241pt too wide) in paragraph at lines 203--203
[]    \OT1/cmtt/m/n/7 #Hopefully using this statement we dont have to use a mon
itor.[] 
 []


Overfull \hbox (8.00362pt too wide) in paragraph at lines 203--203
[]          \OT1/cmtt/m/n/7 "Deleting last day records, last day => #{s.last_da
y}")[] 
 []


Overfull \hbox (0.56602pt too wide) in paragraph at lines 203--203
[]    \OT1/cmtt/m/n/7 ActiveRecord::Base.logger.info "Sleeping at #{col_time}.\
n"[] 
 []


LaTeX Warning: Citation `579193' on page 5 undefined on input line 210.


LaTeX Warning: Citation `864016' on page 5 undefined on input line 210.


Underfull \hbox (badness 10000) in paragraph at lines 210--211

 []


Underfull \hbox (badness 5878) in paragraph at lines 222--223
\OT1/cmr/m/n/10 en una es-ce-na; Di-chos ob-je-tos se co-mu-ni-can,
 []


Underfull \hbox (badness 10000) in paragraph at lines 222--223

 []

<parenting.png, id=28, 240.9pt x 414.54875pt>
File: parenting.png Graphic file (type png)
 <use parenting.png>
Underfull \hbox (badness 1281) in paragraph at lines 232--233
[]\OT1/cmr/m/n/10 En es-te ca-so, si se ro-ta-ra/escal^^Sara/moviera el
 []


Underfull \hbox (badness 10000) in paragraph at lines 232--233

 []


Underfull \hbox (badness 1418) in paragraph at lines 234--235
[]\OT1/cmr/m/n/10 Se de-ci-di^^So en-ton-ces di-vi-dir el pro-gra-ma en 3
 []


Underfull \hbox (badness 2556) in paragraph at lines 234--235
\OT1/cmr/m/n/10 gran-des m^^Sodu-los prin-ci-pa-les pa-ra fa-ci-li-tar tan-to
 []


Underfull \hbox (badness 10000) in paragraph at lines 234--235

 []

<ArquitecturaUnity.png, id=29, 770.88pt x 433.62pt>
File: ArquitecturaUnity.png Graphic file (type png)

<use ArquitecturaUnity.png>
Underfull \hbox (badness 10000) in paragraph at lines 245--246

 []

[5 <./parenting.png (PNG copy)> <./ArquitecturaUnity.png (PNG copy)>]
Underfull \hbox (badness 10000) in paragraph at lines 247--248

 []


Underfull \hbox (badness 10000) in paragraph at lines 250--251

 []


Underfull \hbox (badness 10000) in paragraph at lines 252--253

 []


Underfull \hbox (badness 4531) in paragraph at lines 254--254
[]\OT1/cmr/bx/n/10 M^^Sodu-lo de ren-de-ri-za-do de es-ce-na
 []


Underfull \hbox (badness 10000) in paragraph at lines 256--257

 []


LaTeX Warning: Citation `vis:InteractiveVisSmalWorldGraphs' on page 6 undefined
 on input line 258.


Underfull \hbox (badness 10000) in paragraph at lines 258--259

 []


Underfull \hbox (badness 10000) in paragraph at lines 261--262

 []


Underfull \hbox (badness 10000) in paragraph at lines 265--266

 []


Underfull \hbox (badness 1867) in paragraph at lines 267--268
\OT1/cmr/m/n/10 en-con-trar en cual-quier vi-sua-li-za-ci^^Son de ac-cio-nes,
 []


Underfull \hbox (badness 10000) in paragraph at lines 267--268

 []


Underfull \hbox (badness 10000) in paragraph at lines 269--270

 []

<Barras.png, id=33, 700.6175pt x 500.87125pt>
File: Barras.png Graphic file (type png)
 <use Barras.png>
Underfull \hbox (badness 10000) in paragraph at lines 280--281

 []

<Espiral.png, id=34, 686.565pt x 395.4775pt>
File: Espiral.png Graphic file (type png)
 <use Espiral.png>
Underfull \hbox (badness 10000) in paragraph at lines 290--291

 []

[6 <./Barras.png (PNG copy)> <./Espiral.png (PNG copy)>]
<Superficie.png, id=38, 702.625pt x 497.86pt>
File: Superficie.png Graphic file (type png)
 <use Superficie.png>

LaTeX Warning: Citation `383531' on page 7 undefined on input line 299.


Underfull \hbox (badness 10000) in paragraph at lines 299--300

 []

<Campo.png, id=39, 701.62125pt x 496.85625pt>
File: Campo.png Graphic file (type png)
 <use Campo.png>
Underfull \hbox (badness 1540) in paragraph at lines 311--312
[]\OT1/cmr/m/n/10 Para el co-nec-tar los con-te-ni-dos 3D con to-da
 []


Underfull \hbox (badness 2012) in paragraph at lines 311--312
\OT1/cmr/m/n/10 an-te-rio-res, se desa-rroll^^So un pro-to-co-lo es-cri-to en
 []


Underfull \hbox (badness 10000) in paragraph at lines 311--312

 []


Underfull \hbox (badness 1286) in paragraph at lines 313--314
\OT1/cmr/m/n/10 cuen-ta con una li-brer^^S^^Pa es-pe-ci-fi-ca pa-ra se-ria-li-z
ar
 []


Underfull \hbox (badness 10000) in paragraph at lines 313--314

 []


Overfull \hbox (11.72241pt too wide) in paragraph at lines 356--356
[]        \OT1/cmtt/m/n/7 navigator.appVersion.toLowerCase().indexOf("win") != 
-1) {[] 
 []


Overfull \hbox (15.44121pt too wide) in paragraph at lines 356--356
[]                                     \OT1/cmtt/m/n/7 getAttribute('id')+"_obj
ect");[] 
 []


Overfull \hbox (15.44121pt too wide) in paragraph at lines 356--356
[]     \OT1/cmtt/m/n/7 (navigator.appVersion.toLowerCase().indexOf("safari") !=
 -1) {[] 
 []


Overfull \hbox (11.72241pt too wide) in paragraph at lines 356--356
[]                                     \OT1/cmtt/m/n/7 getAttribute('id')+"_obj
ect")[] 
 []

[7 <./Superficie.png (PNG copy)> <./Campo.png (PNG copy)>]
Overfull \hbox (11.72241pt too wide) in paragraph at lines 356--356
[]                                     \OT1/cmtt/m/n/7 getAttribute('id')+"_emb
ed");[] 
 []


Underfull \hbox (badness 10000) in paragraph at lines 358--360

 []

(./article.bbl
Underfull \hbox (badness 1831) in paragraph at lines 24--29
[]\OT1/cmr/m/n/10 Maribel Ser-na Rodr^^S^^Pguez and Andr^^Ses Mau-ri-
 []

[8]) [9

] (./article.aux)

LaTeX Warning: There were undefined references.


LaTeX Warning: Label(s) may have changed. Rerun to get cross-references right.

 ) 
Here is how much of TeX's memory you used:
 2860 strings out of 493876
 34403 string characters out of 1150567
 97713 words of memory out of 3000000
 6079 multiletter control sequences out of 10000+50000
 14496 words of font info for 59 fonts, out of 3000000 for 5000
 714 hyphenation exceptions out of 8191
 27i,8n,27p,1338b,312s stack positions out of 5000i,500n,10000p,200000b,50000s
</usr/local/texlive/2008/texmf-dist/fonts/type1/bluesky/cm/cmbx10.pfb></usr/l
ocal/texlive/2008/texmf-dist/fonts/type1/bluesky/cm/cmbx12.pfb></usr/local/texl
ive/2008/texmf-dist/fonts/type1/bluesky/cm/cmbxti10.pfb></usr/local/texlive/200
8/texmf-dist/fonts/type1/bluesky/cm/cmr10.pfb></usr/local/texlive/2008/texmf-di
st/fonts/type1/bluesky/cm/cmr12.pfb></usr/local/texlive/2008/texmf-dist/fonts/t
ype1/bluesky/cm/cmr6.pfb></usr/local/texlive/2008/texmf-dist/fonts/type1/bluesk
y/cm/cmr7.pfb></usr/local/texlive/2008/texmf-dist/fonts/type1/bluesky/cm/cmr8.p
fb></usr/local/texlive/2008/texmf-dist/fonts/type1/bluesky/cm/cmsy10.pfb></usr/
local/texlive/2008/texmf-dist/fonts/type1/bluesky/cm/cmti10.pfb></usr/local/tex
live/2008/texmf-dist/fonts/type1/bluesky/cm/cmti12.pfb></usr/local/texlive/2008
/texmf-dist/fonts/type1/bluesky/cm/cmti8.pfb></usr/local/texlive/2008/texmf-dis
t/fonts/type1/bluesky/cm/cmtt10.pfb></usr/local/texlive/2008/texmf-dist/fonts/t
ype1/bluesky/cm/cmtt8.pfb>
Output written on article.pdf (9 pages, 565642 bytes).
PDF statistics:
 95 PDF objects out of 1000 (max. 8388607)
 0 named destinations out of 1000 (max. 131072)
 36 words of extra memory for PDF output out of 10000 (max. 10000000)

